{"/Users/iqbal/Documents/Projects/hacker-new-app/src/components/HackerNewsPageFooter/HackerNewsPageFooter.tsx": {"path":"/Users/iqbal/Documents/Projects/hacker-new-app/src/components/HackerNewsPageFooter/HackerNewsPageFooter.tsx","statementMap":{"0":{"start":{"line":4,"column":18},"end":{"line":39,"column":2}},"1":{"start":{"line":41,"column":29},"end":{"line":67,"column":1}},"2":{"start":{"line":42,"column":18},"end":{"line":42,"column":29}},"3":{"start":{"line":44,"column":2},"end":{"line":66,"column":3}}},"fnMap":{"0":{"name":"(anonymous_0)","decl":{"start":{"line":41,"column":29},"end":{"line":41,"column":30}},"loc":{"start":{"line":41,"column":35},"end":{"line":67,"column":1}},"line":41}},"branchMap":{},"s":{"0":2,"1":2,"2":2,"3":2},"f":{"0":2},"b":{},"_coverageSchema":"1a1c01bbd47fc00a2c39e90264f33305004495a9","hash":"bf896e7dbcf1e8b5bcb8db80284ff4a0846673d0"}
,"/Users/iqbal/Documents/Projects/hacker-new-app/src/components/HackerNewsPageHeader/HackerNewsPageHeader.tsx": {"path":"/Users/iqbal/Documents/Projects/hacker-new-app/src/components/HackerNewsPageHeader/HackerNewsPageHeader.tsx","statementMap":{"0":{"start":{"line":14,"column":18},"end":{"line":82,"column":3}},"1":{"start":{"line":14,"column":48},"end":{"line":82,"column":1}},"2":{"start":{"line":84,"column":35},"end":{"line":84,"column":58}},"3":{"start":{"line":86,"column":29},"end":{"line":207,"column":1}},"4":{"start":{"line":87,"column":18},"end":{"line":87,"column":29}},"5":{"start":{"line":88,"column":40},"end":{"line":88,"column":80}},"6":{"start":{"line":90,"column":16},"end":{"line":90,"column":76}},"7":{"start":{"line":92,"column":28},"end":{"line":94,"column":3}},"8":{"start":{"line":93,"column":4},"end":{"line":93,"column":39}},"9":{"start":{"line":96,"column":29},"end":{"line":98,"column":3}},"10":{"start":{"line":97,"column":4},"end":{"line":97,"column":24}},"11":{"start":{"line":100,"column":2},"end":{"line":206,"column":3}},"12":{"start":{"line":155,"column":16},"end":{"line":161,"column":27}},"13":{"start":{"line":180,"column":14},"end":{"line":186,"column":23}},"14":{"start":{"line":196,"column":29},"end":{"line":196,"column":57}}},"fnMap":{"0":{"name":"(anonymous_0)","decl":{"start":{"line":14,"column":29},"end":{"line":14,"column":30}},"loc":{"start":{"line":14,"column":48},"end":{"line":82,"column":1}},"line":14},"1":{"name":"(anonymous_1)","decl":{"start":{"line":86,"column":29},"end":{"line":86,"column":30}},"loc":{"start":{"line":86,"column":35},"end":{"line":207,"column":1}},"line":86},"2":{"name":"(anonymous_2)","decl":{"start":{"line":92,"column":28},"end":{"line":92,"column":29}},"loc":{"start":{"line":92,"column":70},"end":{"line":94,"column":3}},"line":92},"3":{"name":"(anonymous_3)","decl":{"start":{"line":96,"column":29},"end":{"line":96,"column":30}},"loc":{"start":{"line":96,"column":35},"end":{"line":98,"column":3}},"line":96},"4":{"name":"(anonymous_4)","decl":{"start":{"line":154,"column":25},"end":{"line":154,"column":26}},"loc":{"start":{"line":155,"column":16},"end":{"line":161,"column":27}},"line":155},"5":{"name":"(anonymous_5)","decl":{"start":{"line":179,"column":23},"end":{"line":179,"column":24}},"loc":{"start":{"line":180,"column":14},"end":{"line":186,"column":23}},"line":180},"6":{"name":"(anonymous_6)","decl":{"start":{"line":196,"column":23},"end":{"line":196,"column":24}},"loc":{"start":{"line":196,"column":29},"end":{"line":196,"column":57}},"line":196}},"branchMap":{},"s":{"0":2,"1":7,"2":2,"3":2,"4":10,"5":10,"6":10,"7":10,"8":2,"9":10,"10":1,"11":10,"12":70,"13":70,"14":1},"f":{"0":7,"1":10,"2":2,"3":1,"4":70,"5":70,"6":1},"b":{},"_coverageSchema":"1a1c01bbd47fc00a2c39e90264f33305004495a9","hash":"7aaa15c4b9b0d7dc5db2bf54b8a43ff6c94fb2a7"}
,"/Users/iqbal/Documents/Projects/hacker-new-app/src/components/HackerNewsPageList/HackerNewsPageList.tsx": {"path":"/Users/iqbal/Documents/Projects/hacker-new-app/src/components/HackerNewsPageList/HackerNewsPageList.tsx","statementMap":{"0":{"start":{"line":8,"column":18},"end":{"line":16,"column":2}},"1":{"start":{"line":22,"column":33},"end":{"line":22,"column":54}},"2":{"start":{"line":24,"column":27},"end":{"line":88,"column":1}},"3":{"start":{"line":25,"column":18},"end":{"line":25,"column":29}},"4":{"start":{"line":26,"column":34},"end":{"line":26,"column":54}},"5":{"start":{"line":27,"column":38},"end":{"line":27,"column":62}},"6":{"start":{"line":29,"column":19},"end":{"line":35,"column":3}},"7":{"start":{"line":30,"column":4},"end":{"line":30,"column":23}},"8":{"start":{"line":32,"column":4},"end":{"line":32,"column":61}},"9":{"start":{"line":32,"column":35},"end":{"line":32,"column":60}},"10":{"start":{"line":33,"column":4},"end":{"line":33,"column":36}},"11":{"start":{"line":33,"column":26},"end":{"line":33,"column":35}},"12":{"start":{"line":34,"column":4},"end":{"line":34,"column":24}},"13":{"start":{"line":37,"column":2},"end":{"line":87,"column":3}},"14":{"start":{"line":48,"column":16},"end":{"line":63,"column":27}}},"fnMap":{"0":{"name":"(anonymous_0)","decl":{"start":{"line":24,"column":27},"end":{"line":24,"column":28}},"loc":{"start":{"line":24,"column":59},"end":{"line":88,"column":1}},"line":24},"1":{"name":"(anonymous_1)","decl":{"start":{"line":29,"column":19},"end":{"line":29,"column":20}},"loc":{"start":{"line":29,"column":31},"end":{"line":35,"column":3}},"line":29},"2":{"name":"(anonymous_2)","decl":{"start":{"line":32,"column":22},"end":{"line":32,"column":23}},"loc":{"start":{"line":32,"column":35},"end":{"line":32,"column":60}},"line":32},"3":{"name":"(anonymous_3)","decl":{"start":{"line":33,"column":16},"end":{"line":33,"column":17}},"loc":{"start":{"line":33,"column":26},"end":{"line":33,"column":35}},"line":33},"4":{"name":"(anonymous_4)","decl":{"start":{"line":47,"column":43},"end":{"line":47,"column":44}},"loc":{"start":{"line":48,"column":16},"end":{"line":63,"column":27}},"line":48}},"branchMap":{"0":{"loc":{"start":{"line":41,"column":11},"end":{"line":66,"column":11}},"type":"cond-expr","locations":[{"start":{"line":42,"column":12},"end":{"line":44,"column":19}},{"start":{"line":46,"column":12},"end":{"line":65,"column":15}}],"line":41},"1":{"loc":{"start":{"line":69,"column":7},"end":{"line":85,"column":7}},"type":"binary-expr","locations":[{"start":{"line":69,"column":7},"end":{"line":69,"column":17}},{"start":{"line":70,"column":8},"end":{"line":84,"column":15}}],"line":69},"2":{"loc":{"start":{"line":71,"column":11},"end":{"line":83,"column":11}},"type":"cond-expr","locations":[{"start":{"line":72,"column":12},"end":{"line":74,"column":19}},{"start":{"line":76,"column":12},"end":{"line":82,"column":21}}],"line":71}},"s":{"0":2,"1":2,"2":2,"3":7,"4":7,"5":7,"6":7,"7":1,"8":1,"9":1,"10":1,"11":1,"12":1,"13":7,"14":51},"f":{"0":7,"1":1,"2":1,"3":1,"4":51},"b":{"0":[2,5],"1":[7,5],"2":[1,4]},"_coverageSchema":"1a1c01bbd47fc00a2c39e90264f33305004495a9","hash":"3106c8804d0ede4e7251405a1896805a97dc2343"}
,"/Users/iqbal/Documents/Projects/hacker-new-app/src/components/HackerNewsPageListItem/HackerNewsPageListItem.tsx": {"path":"/Users/iqbal/Documents/Projects/hacker-new-app/src/components/HackerNewsPageListItem/HackerNewsPageListItem.tsx","statementMap":{"0":{"start":{"line":11,"column":18},"end":{"line":29,"column":2}},"1":{"start":{"line":31,"column":37},"end":{"line":31,"column":62}},"2":{"start":{"line":33,"column":31},"end":{"line":123,"column":1}},"3":{"start":{"line":42,"column":18},"end":{"line":42,"column":29}},"4":{"start":{"line":45,"column":18},"end":{"line":48,"column":3}},"5":{"start":{"line":46,"column":18},"end":{"line":46,"column":66}},"6":{"start":{"line":47,"column":4},"end":{"line":47,"column":55}},"7":{"start":{"line":51,"column":20},"end":{"line":59,"column":3}},"8":{"start":{"line":52,"column":22},"end":{"line":52,"column":34}},"9":{"start":{"line":53,"column":21},"end":{"line":53,"column":61}},"10":{"start":{"line":54,"column":4},"end":{"line":57,"column":5}},"11":{"start":{"line":55,"column":24},"end":{"line":55,"column":69}},"12":{"start":{"line":56,"column":6},"end":{"line":56,"column":41}},"13":{"start":{"line":58,"column":4},"end":{"line":58,"column":19}},"14":{"start":{"line":61,"column":2},"end":{"line":122,"column":3}}},"fnMap":{"0":{"name":"(anonymous_0)","decl":{"start":{"line":33,"column":31},"end":{"line":33,"column":32}},"loc":{"start":{"line":41,"column":35},"end":{"line":123,"column":1}},"line":41},"1":{"name":"(anonymous_1)","decl":{"start":{"line":45,"column":18},"end":{"line":45,"column":19}},"loc":{"start":{"line":45,"column":36},"end":{"line":48,"column":3}},"line":45},"2":{"name":"(anonymous_2)","decl":{"start":{"line":51,"column":20},"end":{"line":51,"column":21}},"loc":{"start":{"line":51,"column":37},"end":{"line":59,"column":3}},"line":51}},"branchMap":{"0":{"loc":{"start":{"line":47,"column":27},"end":{"line":47,"column":49}},"type":"cond-expr","locations":[{"start":{"line":47,"column":41},"end":{"line":47,"column":44}},{"start":{"line":47,"column":47},"end":{"line":47,"column":49}}],"line":47},"1":{"loc":{"start":{"line":54,"column":4},"end":{"line":57,"column":5}},"type":"if","locations":[{"start":{"line":54,"column":4},"end":{"line":57,"column":5}},{"start":{},"end":{}}],"line":54},"2":{"loc":{"start":{"line":113,"column":11},"end":{"line":118,"column":11}},"type":"binary-expr","locations":[{"start":{"line":113,"column":11},"end":{"line":113,"column":23}},{"start":{"line":114,"column":12},"end":{"line":117,"column":46}}],"line":113}},"s":{"0":3,"1":3,"2":3,"3":55,"4":55,"5":55,"6":55,"7":55,"8":55,"9":55,"10":55,"11":54,"12":54,"13":1,"14":55},"f":{"0":55,"1":55,"2":55},"b":{"0":[54,1],"1":[54,1],"2":[55,55]},"_coverageSchema":"1a1c01bbd47fc00a2c39e90264f33305004495a9","hash":"232e99feee289b17f24dbb79eeb7b1f70d327b7b"}
,"/Users/iqbal/Documents/Projects/hacker-new-app/src/components/shared/ListSkeleton/ListSkeleton.tsx": {"path":"/Users/iqbal/Documents/Projects/hacker-new-app/src/components/shared/ListSkeleton/ListSkeleton.tsx","statementMap":{"0":{"start":{"line":4,"column":18},"end":{"line":11,"column":3}},"1":{"start":{"line":4,"column":36},"end":{"line":11,"column":1}},"2":{"start":{"line":13,"column":16},"end":{"line":13,"column":31}},"3":{"start":{"line":15,"column":21},"end":{"line":54,"column":1}},"4":{"start":{"line":16,"column":18},"end":{"line":16,"column":29}},"5":{"start":{"line":17,"column":2},"end":{"line":53,"column":3}}},"fnMap":{"0":{"name":"(anonymous_0)","decl":{"start":{"line":4,"column":29},"end":{"line":4,"column":30}},"loc":{"start":{"line":4,"column":36},"end":{"line":11,"column":1}},"line":4},"1":{"name":"(anonymous_1)","decl":{"start":{"line":15,"column":21},"end":{"line":15,"column":22}},"loc":{"start":{"line":15,"column":27},"end":{"line":54,"column":1}},"line":15}},"branchMap":{},"s":{"0":3,"1":3,"2":3,"3":3,"4":3,"5":3},"f":{"0":3,"1":3},"b":{},"_coverageSchema":"1a1c01bbd47fc00a2c39e90264f33305004495a9","hash":"7b901784da45aa528f48564414f88b1ebfeac0bd"}
,"/Users/iqbal/Documents/Projects/hacker-new-app/src/hooks/useFetchStories.ts": {"path":"/Users/iqbal/Documents/Projects/hacker-new-app/src/hooks/useFetchStories.ts","statementMap":{"0":{"start":{"line":6,"column":21},"end":{"line":8,"column":1}},"1":{"start":{"line":7,"column":2},"end":{"line":7,"column":38}},"2":{"start":{"line":10,"column":24},"end":{"line":25,"column":1}},"3":{"start":{"line":11,"column":29},"end":{"line":11,"column":44}},"4":{"start":{"line":12,"column":42},"end":{"line":12,"column":71}},"5":{"start":{"line":14,"column":30},"end":{"line":22,"column":3}},"6":{"start":{"line":16,"column":10},"end":{"line":16,"column":38}},"7":{"start":{"line":19,"column":8},"end":{"line":19,"column":74}},"8":{"start":{"line":24,"column":2},"end":{"line":24,"column":42}}},"fnMap":{"0":{"name":"(anonymous_0)","decl":{"start":{"line":6,"column":21},"end":{"line":6,"column":22}},"loc":{"start":{"line":6,"column":63},"end":{"line":8,"column":1}},"line":6},"1":{"name":"(anonymous_1)","decl":{"start":{"line":10,"column":24},"end":{"line":10,"column":25}},"loc":{"start":{"line":10,"column":30},"end":{"line":25,"column":1}},"line":10},"2":{"name":"(anonymous_2)","decl":{"start":{"line":16,"column":4},"end":{"line":16,"column":5}},"loc":{"start":{"line":16,"column":10},"end":{"line":16,"column":38}},"line":16},"3":{"name":"(anonymous_3)","decl":{"start":{"line":18,"column":15},"end":{"line":18,"column":16}},"loc":{"start":{"line":18,"column":21},"end":{"line":20,"column":7}},"line":18}},"branchMap":{},"s":{"0":2,"1":3,"2":2,"3":6,"4":6,"5":6,"6":3,"7":1,"8":6},"f":{"0":3,"1":6,"2":3,"3":1},"b":{},"_coverageSchema":"1a1c01bbd47fc00a2c39e90264f33305004495a9","hash":"096f2f2e347bc1bbe4b2c21e2a733a5323c1e78b"}
,"/Users/iqbal/Documents/Projects/hacker-new-app/src/pages/HackerNewsPage.container.tsx": {"path":"/Users/iqbal/Documents/Projects/hacker-new-app/src/pages/HackerNewsPage.container.tsx","statementMap":{"0":{"start":{"line":4,"column":39},"end":{"line":16,"column":1}},"1":{"start":{"line":5,"column":44},"end":{"line":5,"column":61}},"2":{"start":{"line":7,"column":2},"end":{"line":7,"column":29}},"3":{"start":{"line":9,"column":2},"end":{"line":15,"column":3}}},"fnMap":{"0":{"name":"(anonymous_0)","decl":{"start":{"line":4,"column":39},"end":{"line":4,"column":40}},"loc":{"start":{"line":4,"column":45},"end":{"line":16,"column":1}},"line":4}},"branchMap":{"0":{"loc":{"start":{"line":11,"column":12},"end":{"line":11,"column":22}},"type":"binary-expr","locations":[{"start":{"line":11,"column":12},"end":{"line":11,"column":16}},{"start":{"line":11,"column":20},"end":{"line":11,"column":22}}],"line":11}},"s":{"0":1,"1":3,"2":3,"3":3},"f":{"0":3},"b":{"0":[3,2]},"_coverageSchema":"1a1c01bbd47fc00a2c39e90264f33305004495a9","hash":"391cd8a7f8dfd17cd5e36fd00724eb295238790f"}
,"/Users/iqbal/Documents/Projects/hacker-new-app/src/pages/HackerNewsPage.tsx": {"path":"/Users/iqbal/Documents/Projects/hacker-new-app/src/pages/HackerNewsPage.tsx","statementMap":{"0":{"start":{"line":8,"column":18},"end":{"line":19,"column":2}},"1":{"start":{"line":27,"column":23},"end":{"line":53,"column":1}},"2":{"start":{"line":28,"column":18},"end":{"line":28,"column":29}},"3":{"start":{"line":29,"column":2},"end":{"line":52,"column":3}}},"fnMap":{"0":{"name":"(anonymous_0)","decl":{"start":{"line":27,"column":23},"end":{"line":27,"column":24}},"loc":{"start":{"line":27,"column":69},"end":{"line":53,"column":1}},"line":27}},"branchMap":{"0":{"loc":{"start":{"line":35,"column":9},"end":{"line":44,"column":9}},"type":"cond-expr","locations":[{"start":{"line":36,"column":10},"end":{"line":41,"column":23}},{"start":{"line":43,"column":10},"end":{"line":43,"column":69}}],"line":35},"1":{"loc":{"start":{"line":46,"column":7},"end":{"line":50,"column":7}},"type":"binary-expr","locations":[{"start":{"line":46,"column":7},"end":{"line":46,"column":17}},{"start":{"line":46,"column":21},"end":{"line":46,"column":34}},{"start":{"line":47,"column":8},"end":{"line":49,"column":15}}],"line":46}},"s":{"0":1,"1":1,"2":3,"3":3},"f":{"0":3},"b":{"0":[1,2],"1":[3,2,1]},"_coverageSchema":"1a1c01bbd47fc00a2c39e90264f33305004495a9","hash":"e3e551e6b94fcb28d7ed7b8192109fefbe6e402a"}
,"/Users/iqbal/Documents/Projects/hacker-new-app/src/services/storiesService.ts": {"path":"/Users/iqbal/Documents/Projects/hacker-new-app/src/services/storiesService.ts","statementMap":{"0":{"start":{"line":4,"column":23},"end":{"line":4,"column":53}},"1":{"start":{"line":5,"column":24},"end":{"line":5,"column":70}},"2":{"start":{"line":5,"column":40},"end":{"line":5,"column":70}},"3":{"start":{"line":8,"column":15},"end":{"line":8,"column":63}},"4":{"start":{"line":9,"column":2},"end":{"line":9,"column":13}},"5":{"start":{"line":16,"column":15},"end":{"line":16,"column":71}},"6":{"start":{"line":17,"column":2},"end":{"line":17,"column":13}},"7":{"start":{"line":23,"column":19},"end":{"line":23,"column":44}},"8":{"start":{"line":24,"column":31},"end":{"line":24,"column":80}},"9":{"start":{"line":24,"column":52},"end":{"line":24,"column":79}},"10":{"start":{"line":25,"column":18},"end":{"line":25,"column":57}},"11":{"start":{"line":26,"column":2},"end":{"line":26,"column":16}}},"fnMap":{"0":{"name":"(anonymous_0)","decl":{"start":{"line":5,"column":24},"end":{"line":5,"column":25}},"loc":{"start":{"line":5,"column":40},"end":{"line":5,"column":70}},"line":5},"1":{"name":"getStoryIds","decl":{"start":{"line":7,"column":22},"end":{"line":7,"column":33}},"loc":{"start":{"line":7,"column":75},"end":{"line":10,"column":1}},"line":7},"2":{"name":"getStoryDetails","decl":{"start":{"line":12,"column":22},"end":{"line":12,"column":37}},"loc":{"start":{"line":15,"column":24},"end":{"line":18,"column":1}},"line":15},"3":{"name":"getStoryList","decl":{"start":{"line":20,"column":22},"end":{"line":20,"column":34}},"loc":{"start":{"line":22,"column":26},"end":{"line":27,"column":1}},"line":22},"4":{"name":"(anonymous_4)","decl":{"start":{"line":24,"column":44},"end":{"line":24,"column":45}},"loc":{"start":{"line":24,"column":52},"end":{"line":24,"column":79}},"line":24}},"branchMap":{},"s":{"0":2,"1":2,"2":2,"3":2,"4":2,"5":2,"6":2,"7":1,"8":1,"9":1,"10":1,"11":1},"f":{"0":2,"1":2,"2":2,"3":1,"4":1},"b":{},"_coverageSchema":"1a1c01bbd47fc00a2c39e90264f33305004495a9","hash":"7206bdb16b5cc134bbbdfbd9fbcfd6c25f5cfe22"}
,"/Users/iqbal/Documents/Projects/hacker-new-app/src/test/RenderWrapper.tsx": {"path":"/Users/iqbal/Documents/Projects/hacker-new-app/src/test/RenderWrapper.tsx","statementMap":{"0":{"start":{"line":10,"column":14},"end":{"line":10,"column":27}},"1":{"start":{"line":12,"column":22},"end":{"line":14,"column":1}},"2":{"start":{"line":13,"column":2},"end":{"line":13,"column":64}},"3":{"start":{"line":17,"column":2},"end":{"line":17,"column":58}}},"fnMap":{"0":{"name":"(anonymous_0)","decl":{"start":{"line":12,"column":22},"end":{"line":12,"column":23}},"loc":{"start":{"line":12,"column":47},"end":{"line":14,"column":1}},"line":12},"1":{"name":"(anonymous_1)","decl":{"start":{"line":16,"column":15},"end":{"line":16,"column":16}},"loc":{"start":{"line":16,"column":40},"end":{"line":18,"column":1}},"line":16}},"branchMap":{},"s":{"0":5,"1":5,"2":15,"3":15},"f":{"0":15,"1":15},"b":{},"_coverageSchema":"1a1c01bbd47fc00a2c39e90264f33305004495a9","hash":"c355644778fc10446314b6438e28d3a89ee8bb0d"}
,"/Users/iqbal/Documents/Projects/hacker-new-app/src/test/mocks/mockData.ts": {"path":"/Users/iqbal/Documents/Projects/hacker-new-app/src/test/mocks/mockData.ts","statementMap":{"0":{"start":{"line":4,"column":18},"end":{"line":4,"column":20}},"1":{"start":{"line":5,"column":2},"end":{"line":17,"column":3}},"2":{"start":{"line":5,"column":15},"end":{"line":5,"column":16}},"3":{"start":{"line":6,"column":4},"end":{"line":16,"column":6}},"4":{"start":{"line":18,"column":2},"end":{"line":18,"column":16}}},"fnMap":{"0":{"name":"generateMockStories","decl":{"start":{"line":3,"column":16},"end":{"line":3,"column":35}},"loc":{"start":{"line":3,"column":69},"end":{"line":19,"column":1}},"line":3}},"branchMap":{},"s":{"0":4,"1":4,"2":4,"3":23,"4":4},"f":{"0":4},"b":{},"_coverageSchema":"1a1c01bbd47fc00a2c39e90264f33305004495a9","hash":"3ac929291c2f4a9b04229352dbc7d445d64e1f89"}
,"/Users/iqbal/Documents/Projects/hacker-new-app/src/test/mocks/mockIAxiosClient.ts": {"path":"/Users/iqbal/Documents/Projects/hacker-new-app/src/test/mocks/mockIAxiosClient.ts","statementMap":{"0":{"start":{"line":1,"column":32},"end":{"line":7,"column":1}}},"fnMap":{},"branchMap":{},"s":{"0":1},"f":{},"b":{},"_coverageSchema":"1a1c01bbd47fc00a2c39e90264f33305004495a9","hash":"96e154a8b4aa1cb796b6d7d93b15a2490377944b"}
,"/Users/iqbal/Documents/Projects/hacker-new-app/src/utility/AxiosClient.ts": {"path":"/Users/iqbal/Documents/Projects/hacker-new-app/src/utility/AxiosClient.ts","statementMap":{"0":{"start":{"line":13,"column":42},"end":{"line":18,"column":1}},"1":{"start":{"line":24,"column":4},"end":{"line":24,"column":38}},"2":{"start":{"line":28,"column":21},"end":{"line":28,"column":59}},"3":{"start":{"line":29,"column":4},"end":{"line":29,"column":15}},"4":{"start":{"line":33,"column":20},"end":{"line":33,"column":50}}},"fnMap":{"0":{"name":"(anonymous_0)","decl":{"start":{"line":23,"column":2},"end":{"line":23,"column":3}},"loc":{"start":{"line":23,"column":42},"end":{"line":25,"column":3}},"line":23},"1":{"name":"(anonymous_1)","decl":{"start":{"line":27,"column":2},"end":{"line":27,"column":3}},"loc":{"start":{"line":27,"column":57},"end":{"line":30,"column":3}},"line":27}},"branchMap":{},"s":{"0":2,"1":3,"2":1,"3":1,"4":2},"f":{"0":3,"1":1},"b":{},"_coverageSchema":"1a1c01bbd47fc00a2c39e90264f33305004495a9","hash":"c34377da7fda28ebbedb34a2b70366ec353c1f59"}
}
