TN:
SF:src/components/HackerNewsPageFooter/HackerNewsPageFooter.tsx
FN:41,(anonymous_0)
FNF:1
FNH:1
FNDA:2,(anonymous_0)
DA:4,2
DA:41,2
DA:42,2
DA:44,2
LF:4
LH:4
BRF:0
BRH:0
end_of_record
TN:
SF:src/components/HackerNewsPageHeader/HackerNewsPageHeader.tsx
FN:14,(anonymous_0)
FN:86,(anonymous_1)
FN:92,(anonymous_2)
FN:96,(anonymous_3)
FN:154,(anonymous_4)
FN:179,(anonymous_5)
FN:196,(anonymous_6)
FNF:7
FNH:7
FNDA:7,(anonymous_0)
FNDA:10,(anonymous_1)
FNDA:2,(anonymous_2)
FNDA:1,(anonymous_3)
FNDA:70,(anonymous_4)
FNDA:70,(anonymous_5)
FNDA:1,(anonymous_6)
DA:14,7
DA:84,2
DA:86,2
DA:87,10
DA:88,10
DA:90,10
DA:92,10
DA:93,2
DA:96,10
DA:97,1
DA:100,10
DA:155,70
DA:180,70
DA:196,1
LF:14
LH:14
BRF:0
BRH:0
end_of_record
TN:
SF:src/components/HackerNewsPageList/HackerNewsPageList.tsx
FN:24,(anonymous_0)
FN:29,(anonymous_1)
FN:32,(anonymous_2)
FN:33,(anonymous_3)
FN:47,(anonymous_4)
FNF:5
FNH:5
FNDA:7,(anonymous_0)
FNDA:1,(anonymous_1)
FNDA:1,(anonymous_2)
FNDA:1,(anonymous_3)
FNDA:51,(anonymous_4)
DA:8,2
DA:22,2
DA:24,2
DA:25,7
DA:26,7
DA:27,7
DA:29,7
DA:30,1
DA:32,1
DA:33,1
DA:34,1
DA:37,7
DA:48,51
LF:13
LH:13
BRDA:41,0,0,2
BRDA:41,0,1,5
BRDA:69,1,0,7
BRDA:69,1,1,5
BRDA:71,2,0,1
BRDA:71,2,1,4
BRF:6
BRH:6
end_of_record
TN:
SF:src/components/HackerNewsPageListItem/HackerNewsPageListItem.tsx
FN:33,(anonymous_0)
FN:45,(anonymous_1)
FN:51,(anonymous_2)
FNF:3
FNH:3
FNDA:55,(anonymous_0)
FNDA:55,(anonymous_1)
FNDA:55,(anonymous_2)
DA:11,3
DA:31,3
DA:33,3
DA:42,55
DA:45,55
DA:46,55
DA:47,55
DA:51,55
DA:52,55
DA:53,55
DA:54,55
DA:55,54
DA:56,54
DA:58,1
DA:61,55
LF:15
LH:15
BRDA:47,0,0,54
BRDA:47,0,1,1
BRDA:54,1,0,54
BRDA:54,1,1,1
BRDA:113,2,0,55
BRDA:113,2,1,55
BRF:6
BRH:6
end_of_record
TN:
SF:src/components/shared/ListSkeleton/ListSkeleton.tsx
FN:4,(anonymous_0)
FN:15,(anonymous_1)
FNF:2
FNH:2
FNDA:3,(anonymous_0)
FNDA:3,(anonymous_1)
DA:4,3
DA:13,3
DA:15,3
DA:16,3
DA:17,3
LF:5
LH:5
BRF:0
BRH:0
end_of_record
TN:
SF:src/hooks/useFetchStories.ts
FN:6,(anonymous_0)
FN:10,(anonymous_1)
FN:16,(anonymous_2)
FN:18,(anonymous_3)
FNF:4
FNH:4
FNDA:3,(anonymous_0)
FNDA:6,(anonymous_1)
FNDA:3,(anonymous_2)
FNDA:1,(anonymous_3)
DA:6,2
DA:7,3
DA:10,2
DA:11,6
DA:12,6
DA:14,6
DA:16,3
DA:19,1
DA:24,6
LF:9
LH:9
BRF:0
BRH:0
end_of_record
TN:
SF:src/pages/HackerNewsPage.container.tsx
FN:4,(anonymous_0)
FNF:1
FNH:1
FNDA:3,(anonymous_0)
DA:4,1
DA:5,3
DA:7,3
DA:9,3
LF:4
LH:4
BRDA:11,0,0,3
BRDA:11,0,1,2
BRF:2
BRH:2
end_of_record
TN:
SF:src/pages/HackerNewsPage.tsx
FN:27,(anonymous_0)
FNF:1
FNH:1
FNDA:3,(anonymous_0)
DA:8,1
DA:27,1
DA:28,3
DA:29,3
LF:4
LH:4
BRDA:35,0,0,1
BRDA:35,0,1,2
BRDA:46,1,0,3
BRDA:46,1,1,2
BRDA:46,1,2,1
BRF:5
BRH:5
end_of_record
TN:
SF:src/services/storiesService.ts
FN:5,(anonymous_0)
FN:7,getStoryIds
FN:12,getStoryDetails
FN:20,getStoryList
FN:24,(anonymous_4)
FNF:5
FNH:5
FNDA:2,(anonymous_0)
FNDA:2,getStoryIds
FNDA:2,getStoryDetails
FNDA:1,getStoryList
FNDA:1,(anonymous_4)
DA:4,2
DA:5,2
DA:8,2
DA:9,2
DA:16,2
DA:17,2
DA:23,1
DA:24,1
DA:25,1
DA:26,1
LF:10
LH:10
BRF:0
BRH:0
end_of_record
TN:
SF:src/test/RenderWrapper.tsx
FN:12,(anonymous_0)
FN:16,(anonymous_1)
FNF:2
FNH:2
FNDA:15,(anonymous_0)
FNDA:15,(anonymous_1)
DA:10,5
DA:12,5
DA:13,15
DA:17,15
LF:4
LH:4
BRF:0
BRH:0
end_of_record
TN:
SF:src/test/mocks/mockData.ts
FN:3,generateMockStories
FNF:1
FNH:1
FNDA:4,generateMockStories
DA:4,4
DA:5,4
DA:6,23
DA:18,4
LF:4
LH:4
BRF:0
BRH:0
end_of_record
TN:
SF:src/test/mocks/mockIAxiosClient.ts
FNF:0
FNH:0
DA:1,1
LF:1
LH:1
BRF:0
BRH:0
end_of_record
TN:
SF:src/utility/AxiosClient.ts
FN:23,(anonymous_0)
FN:27,(anonymous_1)
FNF:2
FNH:2
FNDA:3,(anonymous_0)
FNDA:1,(anonymous_1)
DA:13,2
DA:24,3
DA:28,1
DA:29,1
DA:33,2
LF:5
LH:5
BRF:0
BRH:0
end_of_record
